<?xml version="1.0" encoding="utf-8"?><testsuites name="pytest tests"><testsuite name="pytest" errors="0" failures="0" skipped="0" tests="6" time="4.180" timestamp="2026-06-14T19:16:27.682304+00:00" hostname="agent-env-a6977753-cdaa-40bb-8bb3-e16a67e3dea8"><testcase classname="backend.tests.backend_test" name="test_login_bad" time="0.501" /><testcase classname="backend.tests.backend_test" name="test_me_requires_token" time="0.143" /><testcase classname="backend.tests.backend_test" name="test_me_ok" time="0.472" /><testcase classname="backend.tests.backend_test" name="test_doctor_crud" time="0.583" /><testcase classname="backend.tests.backend_test" name="test_patient_crud" time="0.315" /><testcase classname="backend.tests.backend_test" name="test_appointment_full_flow" time="1.996" /></testsuite></testsuites>